\BOOKMARK [1][-]{section.1}{\376\377\000I\000n\000t\000r\000o\000d\000u\000c\000t\000i\000o\000n}{}% 1
\BOOKMARK [1][-]{section.2}{\376\377\000M\000e\000t\000h\000o\000d\000o\000l\000o\000g\000y}{}% 2
\BOOKMARK [2][-]{subsection.2.1}{\376\377\000D\000a\000t\000a\000s\000e\000t}{section.2}% 3
\BOOKMARK [2][-]{subsection.2.2}{\376\377\000M\000o\000d\000e\000l\000\040\000I\000m\000p\000l\000e\000m\000e\000n\000t\000a\000t\000i\000o\000n}{section.2}% 4
\BOOKMARK [3][-]{subsubsection.2.2.1}{\376\377\000P\000l\000a\000i\000n\000t\000e\000x\000t\000\040\000M\000o\000d\000e\000l\000s}{subsection.2.2}% 5
\BOOKMARK [2][-]{subsection.2.3}{\376\377\000F\000H\000E\000\040\000M\000o\000d\000e\000l\000s}{section.2}% 6
\BOOKMARK [1][-]{section.3}{\376\377\000C\000o\000n\000c\000r\000e\000t\000e\000-\000M\000L\000\040\000L\000i\000b\000r\000a\000r\000y\000\040\000O\000v\000e\000r\000v\000i\000e\000w}{}% 7
\BOOKMARK [2][-]{subsection.3.1}{\376\377\000A\000r\000c\000h\000i\000t\000e\000c\000t\000u\000r\000e\000\040\000a\000n\000d\000\040\000F\000e\000a\000t\000u\000r\000e\000s}{section.3}% 8
\BOOKMARK [2][-]{subsection.3.2}{\376\377\000C\000o\000m\000p\000u\000t\000a\000t\000i\000o\000n\000a\000l\000\040\000M\000o\000d\000e\000l}{section.3}% 9
\BOOKMARK [2][-]{subsection.3.3}{\376\377\000B\000i\000t\000-\000w\000i\000d\000t\000h\000\040\000P\000a\000r\000a\000m\000e\000t\000e\000r}{section.3}% 10
\BOOKMARK [2][-]{subsection.3.4}{\376\377\000E\000v\000a\000l\000u\000a\000t\000i\000o\000n\000\040\000F\000r\000a\000m\000e\000w\000o\000r\000k}{section.3}% 11
\BOOKMARK [2][-]{subsection.3.5}{\376\377\000F\000r\000a\000m\000e\000w\000o\000r\000k\000\040\000A\000r\000c\000h\000i\000t\000e\000c\000t\000u\000r\000e}{section.3}% 12
\BOOKMARK [2][-]{subsection.3.6}{\376\377\000E\000v\000a\000l\000u\000a\000t\000i\000o\000n\000\040\000P\000r\000o\000c\000e\000s\000s\000\040\000D\000e\000t\000a\000i\000l\000s}{section.3}% 13
\BOOKMARK [3][-]{subsubsection.3.6.1}{\376\377\000C\000r\000o\000s\000s\000-\000V\000a\000l\000i\000d\000a\000t\000i\000o\000n\000\040\000S\000t\000r\000a\000t\000e\000g\000y}{subsection.3.6}% 14
\BOOKMARK [3][-]{subsubsection.3.6.2}{\376\377\000L\000a\000t\000e\000n\000c\000y\000\040\000M\000e\000a\000s\000u\000r\000e\000m\000e\000n\000t\000\040\000P\000r\000o\000t\000o\000c\000o\000l}{subsection.3.6}% 15
\BOOKMARK [3][-]{subsubsection.3.6.3}{\376\377\000B\000i\000t\000-\000W\000i\000d\000t\000h\000\040\000I\000m\000p\000a\000c\000t\000\040\000A\000n\000a\000l\000y\000s\000i\000s}{subsection.3.6}% 16
\BOOKMARK [3][-]{subsubsection.3.6.4}{\376\377\000P\000e\000r\000f\000o\000r\000m\000a\000n\000c\000e\000\040\000M\000e\000t\000r\000i\000c\000\040\000C\000a\000l\000c\000u\000l\000a\000t\000i\000o\000n}{subsection.3.6}% 17
\BOOKMARK [2][-]{subsection.3.7}{\376\377\000C\000i\000p\000h\000e\000r\000\040\000M\000o\000d\000e\000l\000\040\000G\000e\000n\000e\000r\000a\000t\000i\000o\000n\000\040\000F\000l\000o\000w}{section.3}% 18
\BOOKMARK [3][-]{subsubsection.3.7.1}{\376\377\000E\000v\000a\000l\000u\000a\000t\000i\000o\000n\000\040\000P\000r\000o\000c\000e\000s\000s}{subsection.3.7}% 19
\BOOKMARK [2][-]{subsection.3.8}{\376\377\000E\000x\000t\000e\000n\000s\000i\000b\000i\000l\000i\000t\000y\000\040\000a\000n\000d\000\040\000L\000i\000m\000i\000t\000a\000t\000i\000o\000n\000s}{section.3}% 20
\BOOKMARK [3][-]{subsubsection.3.8.1}{\376\377\000E\000x\000t\000e\000n\000s\000i\000b\000i\000l\000i\000t\000y\000\040\000F\000e\000a\000t\000u\000r\000e\000s}{subsection.3.8}% 21
\BOOKMARK [3][-]{subsubsection.3.8.2}{\376\377\000C\000u\000r\000r\000e\000n\000t\000\040\000L\000i\000m\000i\000t\000a\000t\000i\000o\000n\000s}{subsection.3.8}% 22
\BOOKMARK [2][-]{subsection.3.9}{\376\377\000E\000v\000a\000l\000u\000a\000t\000i\000o\000n\000\040\000M\000e\000t\000r\000i\000c\000s}{section.3}% 23
\BOOKMARK [2][-]{subsection.3.10}{\376\377\000E\000x\000p\000e\000r\000i\000m\000e\000n\000t\000a\000l\000\040\000S\000e\000t\000u\000p}{section.3}% 24
\BOOKMARK [2][-]{subsection.3.11}{\376\377\000C\000o\000d\000e\000\040\000I\000m\000p\000l\000e\000m\000e\000n\000t\000a\000t\000i\000o\000n}{section.3}% 25
\BOOKMARK [2][-]{subsection.3.12}{\376\377\000F\000r\000a\000m\000e\000w\000o\000r\000k\000\040\000A\000r\000c\000h\000i\000t\000e\000c\000t\000u\000r\000e}{section.3}% 26
\BOOKMARK [2][-]{subsection.3.13}{\376\377\000K\000e\000y\000\040\000F\000e\000a\000t\000u\000r\000e\000s}{section.3}% 27
\BOOKMARK [3][-]{subsubsection.3.13.1}{\376\377\000U\000n\000i\000f\000i\000e\000d\000\040\000D\000a\000t\000a\000\040\000P\000r\000o\000c\000e\000s\000s\000i\000n\000g}{subsection.3.13}% 28
\BOOKMARK [3][-]{subsubsection.3.13.2}{\376\377\000H\000y\000p\000e\000r\000p\000a\000r\000a\000m\000e\000t\000e\000r\000\040\000O\000p\000t\000i\000m\000i\000z\000a\000t\000i\000o\000n}{subsection.3.13}% 29
\BOOKMARK [3][-]{subsubsection.3.13.3}{\376\377\000B\000i\000t\000-\000W\000i\000d\000t\000h\000\040\000A\000n\000a\000l\000y\000s\000i\000s}{subsection.3.13}% 30
\BOOKMARK [3][-]{subsubsection.3.13.4}{\376\377\000C\000o\000m\000p\000r\000e\000h\000e\000n\000s\000i\000v\000e\000\040\000M\000e\000t\000r\000i\000c\000s}{subsection.3.13}% 31
\BOOKMARK [3][-]{subsubsection.3.13.5}{\376\377\000V\000i\000s\000u\000a\000l\000i\000z\000a\000t\000i\000o\000n\000\040\000C\000a\000p\000a\000b\000i\000l\000i\000t\000i\000e\000s}{subsection.3.13}% 32
\BOOKMARK [2][-]{subsection.3.14}{\376\377\000E\000x\000t\000e\000n\000s\000i\000b\000i\000l\000i\000t\000y}{section.3}% 33
\BOOKMARK [3][-]{subsubsection.3.14.1}{\376\377\000M\000o\000d\000e\000l\000\040\000T\000y\000p\000e\000\040\000R\000e\000g\000i\000s\000t\000r\000a\000t\000i\000o\000n}{subsection.3.14}% 34
\BOOKMARK [3][-]{subsubsection.3.14.2}{\376\377\000D\000y\000n\000a\000m\000i\000c\000\040\000M\000o\000d\000e\000l\000\040\000I\000n\000s\000t\000a\000n\000t\000i\000a\000t\000i\000o\000n}{subsection.3.14}% 35
\BOOKMARK [2][-]{subsection.3.15}{\376\377\000M\000o\000d\000u\000l\000a\000r\000i\000t\000y}{section.3}% 36
\BOOKMARK [3][-]{subsubsection.3.15.1}{\376\377\000P\000i\000p\000e\000l\000i\000n\000e\000\040\000C\000o\000m\000p\000o\000n\000e\000n\000t\000s}{subsection.3.15}% 37
\BOOKMARK [3][-]{subsubsection.3.15.2}{\376\377\000E\000n\000d\000-\000t\000o\000-\000E\000n\000d\000\040\000P\000i\000p\000e\000l\000i\000n\000e}{subsection.3.15}% 38
\BOOKMARK [1][-]{section.4}{\376\377\000R\000e\000s\000u\000l\000t\000s\000\040\000a\000n\000d\000\040\000D\000i\000s\000c\000u\000s\000s\000i\000o\000n}{}% 39
\BOOKMARK [2][-]{subsection.4.1}{\376\377\000P\000e\000r\000f\000o\000r\000m\000a\000n\000c\000e\000\040\000O\000v\000e\000r\000v\000i\000e\000w}{section.4}% 40
\BOOKMARK [2][-]{subsection.4.2}{\376\377\000A\000c\000c\000u\000r\000a\000c\000y\000\040\000A\000n\000a\000l\000y\000s\000i\000s}{section.4}% 41
\BOOKMARK [3][-]{subsubsection.4.2.1}{\376\377\000L\000o\000g\000i\000s\000t\000i\000c\000\040\000R\000e\000g\000r\000e\000s\000s\000i\000o\000n\000\040\000A\000c\000c\000u\000r\000a\000c\000y}{subsection.4.2}% 42
\BOOKMARK [3][-]{subsubsection.4.2.2}{\376\377\000R\000a\000n\000d\000o\000m\000\040\000F\000o\000r\000e\000s\000t\000\040\000A\000c\000c\000u\000r\000a\000c\000y}{subsection.4.2}% 43
\BOOKMARK [3][-]{subsubsection.4.2.3}{\376\377\000D\000e\000c\000i\000s\000i\000o\000n\000\040\000T\000r\000e\000e\000\040\000A\000c\000c\000u\000r\000a\000c\000y}{subsection.4.2}% 44
\BOOKMARK [2][-]{subsection.4.3}{\376\377\000L\000a\000t\000e\000n\000c\000y\000\040\000A\000n\000a\000l\000y\000s\000i\000s}{section.4}% 45
\BOOKMARK [3][-]{subsubsection.4.3.1}{\376\377\000L\000o\000g\000i\000s\000t\000i\000c\000\040\000R\000e\000g\000r\000e\000s\000s\000i\000o\000n\000\040\000L\000a\000t\000e\000n\000c\000y}{subsection.4.3}% 46
\BOOKMARK [3][-]{subsubsection.4.3.2}{\376\377\000R\000a\000n\000d\000o\000m\000\040\000F\000o\000r\000e\000s\000t\000\040\000L\000a\000t\000e\000n\000c\000y}{subsection.4.3}% 47
\BOOKMARK [3][-]{subsubsection.4.3.3}{\376\377\000D\000e\000c\000i\000s\000i\000o\000n\000\040\000T\000r\000e\000e\000\040\000L\000a\000t\000e\000n\000c\000y}{subsection.4.3}% 48
\BOOKMARK [2][-]{subsection.4.4}{\376\377\000A\000c\000c\000u\000r\000a\000c\000y\000-\000L\000a\000t\000e\000n\000c\000y\000\040\000T\000r\000a\000d\000e\000o\000f\000f}{section.4}% 49
\BOOKMARK [2][-]{subsection.4.5}{\376\377\000L\000a\000t\000e\000n\000c\000y\000\040\000O\000v\000e\000r\000h\000e\000a\000d\000\040\000C\000o\000m\000p\000a\000r\000i\000s\000o\000n}{section.4}% 50
\BOOKMARK [2][-]{subsection.4.6}{\376\377\000M\000o\000d\000e\000l\000-\000S\000p\000e\000c\000i\000f\000i\000c\000\040\000O\000b\000s\000e\000r\000v\000a\000t\000i\000o\000n\000s}{section.4}% 51
\BOOKMARK [3][-]{subsubsection.4.6.1}{\376\377\000L\000o\000g\000i\000s\000t\000i\000c\000\040\000R\000e\000g\000r\000e\000s\000s\000i\000o\000n}{subsection.4.6}% 52
\BOOKMARK [3][-]{subsubsection.4.6.2}{\376\377\000R\000a\000n\000d\000o\000m\000\040\000F\000o\000r\000e\000s\000t}{subsection.4.6}% 53
\BOOKMARK [3][-]{subsubsection.4.6.3}{\376\377\000D\000e\000c\000i\000s\000i\000o\000n\000\040\000T\000r\000e\000e}{subsection.4.6}% 54
\BOOKMARK [2][-]{subsection.4.7}{\376\377\000I\000m\000p\000a\000c\000t\000\040\000o\000f\000\040\000B\000i\000t\000-\000w\000i\000d\000t\000h}{section.4}% 55
\BOOKMARK [1][-]{section.5}{\376\377\000C\000o\000n\000c\000l\000u\000s\000i\000o\000n}{}% 56
\BOOKMARK [2][-]{subsection.5.1}{\376\377\000K\000e\000y\000\040\000F\000i\000n\000d\000i\000n\000g\000s}{section.5}% 57
\BOOKMARK [2][-]{subsection.5.2}{\376\377\000I\000m\000p\000l\000i\000c\000a\000t\000i\000o\000n\000s}{section.5}% 58
\BOOKMARK [2][-]{subsection.5.3}{\376\377\000F\000u\000t\000u\000r\000e\000\040\000W\000o\000r\000k}{section.5}% 59
